[    1072ms] [ERROR] Failed to load resource: net::ERR_CONNECTION_REFUSED @ https://ogads-pa.clients6.google.com/$rpc/google.internal.onegoogle.asyncdata.v1.AsyncDataService/GetAsyncData:0
[   11864ms] [ERROR] Failed to load resource: net::ERR_CONNECTION_REFUSED @ https://www.googletagmanager.com/gtag/js?id=G-BPMS41FJD2:0
[   11864ms] [ERROR] Failed to load resource: net::ERR_CONNECTION_REFUSED @ https://m.servedby-buysellads.com/monetization.js:0
[   12852ms] [ERROR] Failed to load resource: net::ERR_CONNECTION_REFUSED @ https://insights.algolia.io/1/events?X-Algolia-Application-Id=M19DXW5X0Q&X-Algolia-API-Key=c79b2e61519372a99fa5890db070064c&X-Algolia-Agent=insights-middleware:0
[   13018ms] [ERROR] Failed to load resource: net::ERR_CONNECTION_REFUSED @ https://beacon-v2.helpscout.net/:0
[   13430ms] [ERROR] Failed to load resource: net::ERR_CONNECTION_REFUSED @ https://insights.algolia.io/1/events?X-Algolia-Application-Id=M19DXW5X0Q&X-Algolia-API-Key=c79b2e61519372a99fa5890db070064c&X-Algolia-Agent=insights-middleware:0
[   20369ms] [ERROR] Failed to load resource: net::ERR_CONNECTION_REFUSED @ https://cdn.carbonads.com/carbon.js?serve=CWYIK2QL&placement=fontawesomecom:0
[   20729ms] [ERROR] Failed to load resource: net::ERR_CONNECTION_REFUSED @ https://insights.algolia.io/1/events?X-Algolia-Application-Id=M19DXW5X0Q&X-Algolia-API-Key=c79b2e61519372a99fa5890db070064c&X-Algolia-Agent=insights-middleware:0
[   20729ms] [ERROR] Failed to load resource: net::ERR_CONNECTION_REFUSED @ https://insights.algolia.io/1/events?X-Algolia-Application-Id=M19DXW5X0Q&X-Algolia-API-Key=c79b2e61519372a99fa5890db070064c&X-Algolia-Agent=insights-middleware:0
[   20729ms] [ERROR] Failed to load resource: net::ERR_CONNECTION_REFUSED @ https://insights.algolia.io/1/events?X-Algolia-Application-Id=M19DXW5X0Q&X-Algolia-API-Key=c79b2e61519372a99fa5890db070064c&X-Algolia-Agent=insights-middleware:0
[   20729ms] [ERROR] Failed to load resource: net::ERR_CONNECTION_REFUSED @ https://insights.algolia.io/1/events?X-Algolia-Application-Id=M19DXW5X0Q&X-Algolia-API-Key=c79b2e61519372a99fa5890db070064c&X-Algolia-Agent=insights-middleware:0
[   20729ms] [ERROR] Failed to load resource: net::ERR_CONNECTION_REFUSED @ https://insights.algolia.io/1/events?X-Algolia-Application-Id=M19DXW5X0Q&X-Algolia-API-Key=c79b2e61519372a99fa5890db070064c&X-Algolia-Agent=insights-middleware:0
[   20729ms] [ERROR] Failed to load resource: net::ERR_CONNECTION_REFUSED @ https://insights.algolia.io/1/events?X-Algolia-Application-Id=M19DXW5X0Q&X-Algolia-API-Key=c79b2e61519372a99fa5890db070064c&X-Algolia-Agent=insights-middleware:0
[   20729ms] [ERROR] Failed to load resource: net::ERR_CONNECTION_REFUSED @ https://insights.algolia.io/1/events?X-Algolia-Application-Id=M19DXW5X0Q&X-Algolia-API-Key=c79b2e61519372a99fa5890db070064c&X-Algolia-Agent=insights-middleware:0
[   20729ms] [ERROR] Failed to load resource: net::ERR_CONNECTION_REFUSED @ https://insights.algolia.io/1/events?X-Algolia-Application-Id=M19DXW5X0Q&X-Algolia-API-Key=c79b2e61519372a99fa5890db070064c&X-Algolia-Agent=insights-middleware:0
[   20729ms] [ERROR] Failed to load resource: net::ERR_CONNECTION_REFUSED @ https://insights.algolia.io/1/events?X-Algolia-Application-Id=M19DXW5X0Q&X-Algolia-API-Key=c79b2e61519372a99fa5890db070064c&X-Algolia-Agent=insights-middleware:0
[   35268ms] [ERROR] Failed to load resource: net::ERR_CONNECTION_REFUSED @ https://insights.algolia.io/1/events?X-Algolia-Application-Id=M19DXW5X0Q&X-Algolia-API-Key=c79b2e61519372a99fa5890db070064c&X-Algolia-Agent=insights-middleware:0
[   35268ms] [ERROR] Failed to load resource: net::ERR_CONNECTION_REFUSED @ https://insights.algolia.io/1/events?X-Algolia-Application-Id=M19DXW5X0Q&X-Algolia-API-Key=c79b2e61519372a99fa5890db070064c&X-Algolia-Agent=insights-middleware:0
[   35268ms] [ERROR] Failed to load resource: net::ERR_CONNECTION_REFUSED @ https://insights.algolia.io/1/events?X-Algolia-Application-Id=M19DXW5X0Q&X-Algolia-API-Key=c79b2e61519372a99fa5890db070064c&X-Algolia-Agent=insights-middleware:0
[   35268ms] [ERROR] Failed to load resource: net::ERR_CONNECTION_REFUSED @ https://insights.algolia.io/1/events?X-Algolia-Application-Id=M19DXW5X0Q&X-Algolia-API-Key=c79b2e61519372a99fa5890db070064c&X-Algolia-Agent=insights-middleware:0
[   35268ms] [ERROR] Failed to load resource: net::ERR_CONNECTION_REFUSED @ https://insights.algolia.io/1/events?X-Algolia-Application-Id=M19DXW5X0Q&X-Algolia-API-Key=c79b2e61519372a99fa5890db070064c&X-Algolia-Agent=insights-middleware:0
[   35268ms] [ERROR] Failed to load resource: net::ERR_CONNECTION_REFUSED @ https://insights.algolia.io/1/events?X-Algolia-Application-Id=M19DXW5X0Q&X-Algolia-API-Key=c79b2e61519372a99fa5890db070064c&X-Algolia-Agent=insights-middleware:0
[   35269ms] [ERROR] Failed to load resource: net::ERR_CONNECTION_REFUSED @ https://insights.algolia.io/1/events?X-Algolia-Application-Id=M19DXW5X0Q&X-Algolia-API-Key=c79b2e61519372a99fa5890db070064c&X-Algolia-Agent=insights-middleware:0
[   45284ms] [ERROR] Failed to load resource: net::ERR_CONNECTION_REFUSED @ https://insights.algolia.io/1/events?X-Algolia-Application-Id=M19DXW5X0Q&X-Algolia-API-Key=c79b2e61519372a99fa5890db070064c&X-Algolia-Agent=insights-middleware:0
[   45284ms] [ERROR] Failed to load resource: net::ERR_CONNECTION_REFUSED @ https://insights.algolia.io/1/events?X-Algolia-Application-Id=M19DXW5X0Q&X-Algolia-API-Key=c79b2e61519372a99fa5890db070064c&X-Algolia-Agent=insights-middleware:0
[   45284ms] [ERROR] Failed to load resource: net::ERR_CONNECTION_REFUSED @ https://insights.algolia.io/1/events?X-Algolia-Application-Id=M19DXW5X0Q&X-Algolia-API-Key=c79b2e61519372a99fa5890db070064c&X-Algolia-Agent=insights-middleware:0
[   45284ms] [ERROR] Failed to load resource: net::ERR_CONNECTION_REFUSED @ https://insights.algolia.io/1/events?X-Algolia-Application-Id=M19DXW5X0Q&X-Algolia-API-Key=c79b2e61519372a99fa5890db070064c&X-Algolia-Agent=insights-middleware:0
[   45284ms] [ERROR] Failed to load resource: net::ERR_CONNECTION_REFUSED @ https://insights.algolia.io/1/events?X-Algolia-Application-Id=M19DXW5X0Q&X-Algolia-API-Key=c79b2e61519372a99fa5890db070064c&X-Algolia-Agent=insights-middleware:0
[   45284ms] [ERROR] Failed to load resource: net::ERR_CONNECTION_REFUSED @ https://insights.algolia.io/1/events?X-Algolia-Application-Id=M19DXW5X0Q&X-Algolia-API-Key=c79b2e61519372a99fa5890db070064c&X-Algolia-Agent=insights-middleware:0
[   45284ms] [ERROR] Failed to load resource: net::ERR_CONNECTION_REFUSED @ https://insights.algolia.io/1/events?X-Algolia-Application-Id=M19DXW5X0Q&X-Algolia-API-Key=c79b2e61519372a99fa5890db070064c&X-Algolia-Agent=insights-middleware:0
[   50154ms] [ERROR] Failed to load resource: net::ERR_CONNECTION_REFUSED @ https://insights.algolia.io/1/events?X-Algolia-Application-Id=M19DXW5X0Q&X-Algolia-API-Key=c79b2e61519372a99fa5890db070064c&X-Algolia-Agent=insights-middleware:0
[   50154ms] [ERROR] Failed to load resource: net::ERR_CONNECTION_REFUSED @ https://insights.algolia.io/1/events?X-Algolia-Application-Id=M19DXW5X0Q&X-Algolia-API-Key=c79b2e61519372a99fa5890db070064c&X-Algolia-Agent=insights-middleware:0
[   50154ms] [ERROR] Failed to load resource: net::ERR_CONNECTION_REFUSED @ https://insights.algolia.io/1/events?X-Algolia-Application-Id=M19DXW5X0Q&X-Algolia-API-Key=c79b2e61519372a99fa5890db070064c&X-Algolia-Agent=insights-middleware:0
[   50154ms] [ERROR] Failed to load resource: net::ERR_CONNECTION_REFUSED @ https://insights.algolia.io/1/events?X-Algolia-Application-Id=M19DXW5X0Q&X-Algolia-API-Key=c79b2e61519372a99fa5890db070064c&X-Algolia-Agent=insights-middleware:0
[   50154ms] [ERROR] Failed to load resource: net::ERR_CONNECTION_REFUSED @ https://insights.algolia.io/1/events?X-Algolia-Application-Id=M19DXW5X0Q&X-Algolia-API-Key=c79b2e61519372a99fa5890db070064c&X-Algolia-Agent=insights-middleware:0
[   50154ms] [ERROR] Failed to load resource: net::ERR_CONNECTION_REFUSED @ https://insights.algolia.io/1/events?X-Algolia-Application-Id=M19DXW5X0Q&X-Algolia-API-Key=c79b2e61519372a99fa5890db070064c&X-Algolia-Agent=insights-middleware:0
[   50154ms] [ERROR] Failed to load resource: net::ERR_CONNECTION_REFUSED @ https://insights.algolia.io/1/events?X-Algolia-Application-Id=M19DXW5X0Q&X-Algolia-API-Key=c79b2e61519372a99fa5890db070064c&X-Algolia-Agent=insights-middleware:0
[   50154ms] [ERROR] Failed to load resource: net::ERR_CONNECTION_REFUSED @ https://insights.algolia.io/1/events?X-Algolia-Application-Id=M19DXW5X0Q&X-Algolia-API-Key=c79b2e61519372a99fa5890db070064c&X-Algolia-Agent=insights-middleware:0
[   50154ms] [ERROR] Failed to load resource: net::ERR_CONNECTION_REFUSED @ https://insights.algolia.io/1/events?X-Algolia-Application-Id=M19DXW5X0Q&X-Algolia-API-Key=c79b2e61519372a99fa5890db070064c&X-Algolia-Agent=insights-middleware:0
